<?xml version="1.0" encoding="UTF-8"?>
<!-- Generated by org.testng.reporters.JUnitXMLReporter -->
<testsuite ignored="2" hostname="DESKTOP-8I169PA" failures="0" tests="2" name="CH_LoginTest" time="15.426" errors="0" timestamp="2024-09-03T19:41:40 SAST">
  <testcase classname="com.herokuapp.theinternet.testCases.LoginTests" name="negativeLoginTestExcel" time="2.189"/>
  <testcase classname="com.herokuapp.theinternet.testCases.LoginTests" name="negativeLoginTestExcel" time="1.942"/>
  <testcase classname="com.herokuapp.theinternet.testCases.LoginTests" name="negativeLoginTest" time="0.0">
    <ignored/>
  </testcase> <!-- negativeLoginTest -->
  <testcase classname="com.herokuapp.theinternet.testCases.LoginTests" name="positiveLoginTest" time="0.0">
    <ignored/>
  </testcase> <!-- positiveLoginTest -->
</testsuite> <!-- CH_LoginTest -->
