<?xml version="1.0" encoding="UTF-8"?>
<!-- Generated by org.testng.reporters.JUnitXMLReporter -->
<testsuite ignored="0" hostname="DESKTOP-8I169PA" failures="0" tests="4" name="CH_LoginTest" time="28.783" errors="0" timestamp="2024-09-02T18:25:33 SAST">
  <testcase classname="com.herokuapp.theinternet.testCases.LoginTests" name="negativeLoginTest" time="2.25"/>
  <testcase classname="com.herokuapp.theinternet.testCases.LoginTests" name="negativeLoginTest" time="1.807"/>
  <testcase classname="com.herokuapp.theinternet.testCases.LoginTests" name="negativeLoginTest" time="1.875"/>
  <testcase classname="com.herokuapp.theinternet.testCases.LoginTests" name="positiveLoginTest" time="2.756"/>
</testsuite> <!-- CH_LoginTest -->
