<?xml version="1.0" encoding="UTF-8"?>
<!-- Generated by org.testng.reporters.JUnitXMLReporter -->
<testsuite ignored="0" hostname="DESKTOP-8I169PA" failures="0" tests="4" name="FF_LoginTest" time="42.041" errors="0" timestamp="2024-09-02T18:26:15 SAST">
  <testcase classname="com.herokuapp.theinternet.testCases.LoginTests" name="negativeLoginTest" time="1.528"/>
  <testcase classname="com.herokuapp.theinternet.testCases.LoginTests" name="negativeLoginTest" time="1.469"/>
  <testcase classname="com.herokuapp.theinternet.testCases.LoginTests" name="negativeLoginTest" time="1.561"/>
  <testcase classname="com.herokuapp.theinternet.testCases.LoginTests" name="positiveLoginTest" time="2.277"/>
</testsuite> <!-- FF_LoginTest -->
