<?xml version="1.0" encoding="UTF-8"?>
<!-- Generated by org.testng.reporters.JUnitXMLReporter -->
<testsuite ignored="0" hostname="DESKTOP-8I169PA" failures="0" tests="4" name="LoginTest" time="28.049" errors="0" timestamp="2024-09-02T18:22:44 SAST">
  <testcase classname="com.herokuapp.theinternet.testCases.LoginTests" name="negativeLoginTest" time="1.66"/>
  <testcase classname="com.herokuapp.theinternet.testCases.LoginTests" name="negativeLoginTest" time="1.79"/>
  <testcase classname="com.herokuapp.theinternet.testCases.LoginTests" name="negativeLoginTest" time="1.889"/>
  <testcase classname="com.herokuapp.theinternet.testCases.LoginTests" name="positiveLoginTest" time="2.586"/>
</testsuite> <!-- LoginTest -->
