<?xml version="1.0" encoding="UTF-8"?>
<testng-results ignored="0" total="2" passed="2" failed="0" skipped="0">
  <reporter-output>
  </reporter-output>
  <suite started-at="2024-09-03T19:41:25 SAST" name="Suite" finished-at="2024-09-03T19:41:40 SAST" duration-ms="15426">
    <groups>
      <group name="master">
        <method signature="LoginTests.negativeLoginTestExcel(java.lang.String,java.lang.String,java.lang.String,java.lang.String)[pri:0, instance:com.herokuapp.theinternet.testCases.LoginTests@25ce9dc4]" name="negativeLoginTestExcel" class="com.herokuapp.theinternet.testCases.LoginTests"/>
      </group> <!-- master -->
    </groups>
    <test started-at="2024-09-03T19:41:25 SAST" name="CH_LoginTest" finished-at="2024-09-03T19:41:40 SAST" duration-ms="15426">
      <class name="com.herokuapp.theinternet.testCases.LoginTests">
        <test-method is-config="true" signature="setUp(java.lang.String,org.testng.ITestContext)[pri:0, instance:com.herokuapp.theinternet.testCases.LoginTests@25ce9dc4]" started-at="2024-09-03T19:41:26 SAST" name="setUp" finished-at="2024-09-03T19:41:31 SAST" duration-ms="5129" status="PASS">
          <params>
            <param index="0">
              <value>
                <![CDATA[chrome]]>
              </value>
            </param>
            <param index="1">
              <value>
                <![CDATA[org.testng.TestRunner@5d5b9ecb]]>
              </value>
            </param>
          </params>
          <reporter-output>
          </reporter-output>
        </test-method> <!-- setUp -->
        <test-method signature="negativeLoginTestExcel(java.lang.String,java.lang.String,java.lang.String,java.lang.String)[pri:0, instance:com.herokuapp.theinternet.testCases.LoginTests@25ce9dc4]" started-at="2024-09-03T19:41:31 SAST" name="negativeLoginTestExcel" data-provider="NegativeLoginTestExcel" finished-at="2024-09-03T19:41:33 SAST" duration-ms="2189" status="PASS">
          <params>
            <param index="0">
              <value>
                <![CDATA[tomsmith]]>
              </value>
            </param>
            <param index="1">
              <value>
                <![CDATA[]]>
              </value>
            </param>
            <param index="2">
              <value>
                <![CDATA[Negative]]>
              </value>
            </param>
            <param index="3">
              <value>
                <![CDATA[Your password is invalid!]]>
              </value>
            </param>
          </params>
          <reporter-output>
          </reporter-output>
        </test-method> <!-- negativeLoginTestExcel -->
        <test-method is-config="true" signature="tearDown()[pri:0, instance:com.herokuapp.theinternet.testCases.LoginTests@25ce9dc4]" started-at="2024-09-03T19:41:33 SAST" name="tearDown" finished-at="2024-09-03T19:41:34 SAST" duration-ms="194" status="PASS">
          <reporter-output>
          </reporter-output>
        </test-method> <!-- tearDown -->
        <test-method is-config="true" signature="setUp(java.lang.String,org.testng.ITestContext)[pri:0, instance:com.herokuapp.theinternet.testCases.LoginTests@25ce9dc4]" started-at="2024-09-03T19:41:34 SAST" name="setUp" finished-at="2024-09-03T19:41:38 SAST" duration-ms="4430" status="PASS">
          <params>
            <param index="0">
              <value>
                <![CDATA[chrome]]>
              </value>
            </param>
            <param index="1">
              <value>
                <![CDATA[org.testng.TestRunner@5d5b9ecb]]>
              </value>
            </param>
          </params>
          <reporter-output>
          </reporter-output>
        </test-method> <!-- setUp -->
        <test-method signature="negativeLoginTestExcel(java.lang.String,java.lang.String,java.lang.String,java.lang.String)[pri:0, instance:com.herokuapp.theinternet.testCases.LoginTests@25ce9dc4]" started-at="2024-09-03T19:41:38 SAST" name="negativeLoginTestExcel" data-provider="NegativeLoginTestExcel" finished-at="2024-09-03T19:41:40 SAST" duration-ms="1942" status="PASS">
          <params>
            <param index="0">
              <value>
                <![CDATA[]]>
              </value>
            </param>
            <param index="1">
              <value>
                <![CDATA[SuperSecretPassword!]]>
              </value>
            </param>
            <param index="2">
              <value>
                <![CDATA[Negative]]>
              </value>
            </param>
            <param index="3">
              <value>
                <![CDATA[Your username is invalid!]]>
              </value>
            </param>
          </params>
          <reporter-output>
          </reporter-output>
        </test-method> <!-- negativeLoginTestExcel -->
        <test-method is-config="true" signature="tearDown()[pri:0, instance:com.herokuapp.theinternet.testCases.LoginTests@25ce9dc4]" started-at="2024-09-03T19:41:40 SAST" name="tearDown" finished-at="2024-09-03T19:41:40 SAST" duration-ms="237" status="PASS">
          <reporter-output>
          </reporter-output>
        </test-method> <!-- tearDown -->
      </class> <!-- com.herokuapp.theinternet.testCases.LoginTests -->
    </test> <!-- CH_LoginTest -->
  </suite> <!-- Suite -->
</testng-results>
